Using pre-set license
Built from '6000.1/staging' branch; Version is '6000.1.5f1 (923722cbbcfc) revision 9582370'; Using compiler version '194234433'; Build Type 'Release'
OS: 'Windows 11  (10.0.26100) 64bit CoreSingleLanguage' Language: 'en' Physical Memory: 7583 MB
BatchMode: 1, IsHumanControllingUs: 0, StartBugReporterOnCrash: 0, Is64bit: 1, IsPro: 1
Date: 2025-10-26T08:11:06Z

COMMAND LINE ARGUMENTS:
C:\Program Files\Unity\Hub\Editor\6000.1.5f1\Editor\Unity.exe
-adb2
-batchMode
-noUpm
-name
AssetImportWorker0
-projectPath
C:/Users/admin/Chunity
-logFile
Logs/AssetImportWorker0.log
-srvPort
56655
-job-worker-count
5
-background-job-worker-count
8
-gc-helper-count
1
-name
AssetImport
Successfully changed project path to: C:/Users/admin/Chunity
C:/Users/admin/Chunity
[UnityMemory] Configuration Parameters - Can be set up in boot.config
    "memorysetup-allocator-temp-initial-block-size-main=262144"
    "memorysetup-allocator-temp-initial-block-size-worker=262144"
    "memorysetup-bucket-allocator-granularity=16"
    "memorysetup-bucket-allocator-bucket-count=8"
    "memorysetup-bucket-allocator-block-size=33554432"
    "memorysetup-bucket-allocator-block-count=8"
    "memorysetup-main-allocator-block-size=16777216"
    "memorysetup-thread-allocator-block-size=16777216"
    "memorysetup-gfx-main-allocator-block-size=16777216"
    "memorysetup-gfx-thread-allocator-block-size=16777216"
    "memorysetup-cache-allocator-block-size=4194304"
    "memorysetup-typetree-allocator-block-size=2097152"
    "memorysetup-profiler-bucket-allocator-granularity=16"
    "memorysetup-profiler-bucket-allocator-bucket-count=8"
    "memorysetup-profiler-bucket-allocator-block-size=33554432"
    "memorysetup-profiler-bucket-allocator-block-count=8"
    "memorysetup-profiler-allocator-block-size=16777216"
    "memorysetup-profiler-editor-allocator-block-size=1048576"
    "memorysetup-temp-allocator-size-main=16777216"
    "memorysetup-job-temp-allocator-block-size=2097152"
    "memorysetup-job-temp-allocator-block-size-background=1048576"
    "memorysetup-job-temp-allocator-reduction-small-platforms=262144"
    "memorysetup-temp-allocator-size-background-worker=32768"
    "memorysetup-temp-allocator-size-job-worker=262144"
    "memorysetup-temp-allocator-size-preload-manager=33554432"
    "memorysetup-temp-allocator-size-nav-mesh-worker=65536"
    "memorysetup-temp-allocator-size-audio-worker=65536"
    "memorysetup-temp-allocator-size-cloud-worker=32768"
    "memorysetup-temp-allocator-size-gi-baking-worker=262144"
    "memorysetup-temp-allocator-size-gi-baking-worker=262144"
    "memorysetup-temp-allocator-size-gi-baking-worker=262144"
    "memorysetup-temp-allocator-size-gi-baking-worker=262144"
    "memorysetup-temp-allocator-size-gi-baking-worker=262144"
    "memorysetup-temp-allocator-size-gfx=262144"
Player connection [10180]  Target information:

Player connection [10180]  * "[IP] 192.168.0.106 [Port] 0 [Flags] 2 [Guid] 2693368220 [EditorId] 2693368220 [Version] 1048832 [Id] WindowsEditor(7,LAPTOP-UF6QE6M6) [Debug] 1 [PackageName] WindowsEditor [ProjectName] Editor" 

Player connection [10180] Host joined multi-casting on [225.0.0.222:54997]...
Player connection [10180] Host joined alternative multi-casting on [225.0.0.222:34997]...
JobSystem: Creating JobQueue using job-worker-count value 5
Input System module state changed to: Initialized.
[Physics::Module] Initialized fallback backend.
[Physics::Module] Id: 0xdecafbad
Library Redirect Path: Library/
[Physics::Module] Selected backend.
[Physics::Module] Name: PhysX
[Physics::Module] Id: 0xf2b8ea05
[Physics::Module] SDK Version: 4.1.2
[Physics::Module] Integration Version: 1.0.0
[Physics::Module] Threading Mode: Multi-Threaded
Refreshing native plugins compatible for Editor in 54.34 ms, found 4 plugins.
Preloading 1 native plugins for Editor in 2023.15 ms.
Initialize engine version: 6000.1.5f1 (923722cbbcfc)
[Subsystems] Discovering subsystems at path C:/Program Files/Unity/Hub/Editor/6000.1.5f1/Editor/Data/Resources/UnitySubsystems
[Subsystems] Discovering subsystems at path C:/Users/admin/Chunity/Assets
GfxDevice: creating device client; kGfxThreadingModeNonThreaded
Direct3D:
    Version:         Direct3D 12 [level 12.1]
    Renderer:        AMD Radeon(TM) Graphics (ID=0x1638)
    Vendor:          ATI
    VRAM:            3791 MB
    App VRAM Budget: 3859 MB
    Driver:          30.0.13044.14002
    Unified Memory Architecture
Initialize mono
Mono path[0] = 'C:/Program Files/Unity/Hub/Editor/6000.1.5f1/Editor/Data/Managed'
Mono path[1] = 'C:/Program Files/Unity/Hub/Editor/6000.1.5f1/Editor/Data/MonoBleedingEdge/lib/mono/unityjit-win32'
Mono config path = 'C:/Program Files/Unity/Hub/Editor/6000.1.5f1/Editor/Data/MonoBleedingEdge/etc'
Using monoOptions --debugger-agent=transport=dt_socket,embedding=1,server=y,suspend=n,address=127.0.0.1:56780
Begin MonoManager ReloadAssembly
Registering precompiled unity dll's ...
Register platform support module: C:/Program Files/Unity/Hub/Editor/6000.1.5f1/Editor/Data/PlaybackEngines/WindowsStandaloneSupport/UnityEditor.WindowsStandalone.Extensions.dll
Registered in 0.004204 seconds.
- Loaded All Assemblies, in  0.630 seconds
Native extension for WindowsStandalone target not found
Mono: successfully reloaded assembly
- Finished resetting the current domain, in  2.007 seconds
Domain Reload Profiling: 3082ms
	BeginReloadAssembly (276ms)
		ExecutionOrderSort (0ms)
		DisableScriptedObjects (0ms)
		BackupInstance (0ms)
		ReleaseScriptingObjects (0ms)
		CreateAndSetChildDomain (3ms)
	RebuildCommonClasses (53ms)
	RebuildNativeTypeToScriptingClass (12ms)
	initialDomainReloadingComplete (74ms)
	LoadAllAssembliesAndSetupDomain (211ms)
		LoadAssemblies (268ms)
		RebuildTransferFunctionScriptingTraits (0ms)
		AnalyzeDomain (207ms)
			TypeCache.Refresh (204ms)
				TypeCache.ScanAssembly (151ms)
			BuildScriptInfoCaches (0ms)
			ResolveRequiredComponents (1ms)
	FinalizeReload (2456ms)
		ReleaseScriptCaches (0ms)
		RebuildScriptCaches (0ms)
		SetupLoadedEditorAssemblies (694ms)
			LogAssemblyErrors (0ms)
			InitializePlatformSupportModulesInManaged (82ms)
			SetLoadedEditorAssemblies (6ms)
			BeforeProcessingInitializeOnLoad (72ms)
			ProcessInitializeOnLoadAttributes (192ms)
			ProcessInitializeOnLoadMethodAttributes (341ms)
			AfterProcessingInitializeOnLoad (0ms)
			EditorAssembliesLoaded (0ms)
		ExecutionOrderSort2 (0ms)
		AwakeInstancesAfterBackupRestoration (0ms)
========================================================================
Worker process is ready to serve import requests
Import Worker Mode flag is 0x00
Begin MonoManager ReloadAssembly
- Loaded All Assemblies, in  2.055 seconds
Refreshing native plugins compatible for Editor in 6433.37 ms, found 4 plugins.
Native extension for WindowsStandalone target not found
Mono: successfully reloaded assembly
- Finished resetting the current domain, in  1.852 seconds
Domain Reload Profiling: 3887ms
	BeginReloadAssembly (379ms)
		ExecutionOrderSort (0ms)
		DisableScriptedObjects (9ms)
		BackupInstance (0ms)
		ReleaseScriptingObjects (0ms)
		CreateAndSetChildDomain (59ms)
	RebuildCommonClasses (50ms)
	RebuildNativeTypeToScriptingClass (12ms)
	initialDomainReloadingComplete (55ms)
	LoadAllAssembliesAndSetupDomain (1539ms)
		LoadAssemblies (1078ms)
		RebuildTransferFunctionScriptingTraits (0ms)
		AnalyzeDomain (683ms)
			TypeCache.Refresh (570ms)
				TypeCache.ScanAssembly (533ms)
			BuildScriptInfoCaches (92ms)
			ResolveRequiredComponents (16ms)
	FinalizeReload (1853ms)
		ReleaseScriptCaches (0ms)
		RebuildScriptCaches (0ms)
		SetupLoadedEditorAssemblies (1471ms)
			LogAssemblyErrors (0ms)
			InitializePlatformSupportModulesInManaged (3ms)
			SetLoadedEditorAssemblies (8ms)
			BeforeProcessingInitializeOnLoad (458ms)
			ProcessInitializeOnLoadAttributes (877ms)
			ProcessInitializeOnLoadMethodAttributes (115ms)
			AfterProcessingInitializeOnLoad (9ms)
			EditorAssembliesLoaded (0ms)
		ExecutionOrderSort2 (0ms)
		AwakeInstancesAfterBackupRestoration (8ms)
Launched and connected shader compiler UnityShaderCompiler.exe after 0.03 seconds
Refreshing native plugins compatible for Editor in 33.57 ms, found 4 plugins.
Preloading 1 native plugins for Editor in 0.13 ms.
Unloading 216 Unused Serialized files (Serialized files now loaded: 0)
Unloading 6264 unused Assets / (4.6 MB). Loaded Objects now: 6840.
Memory consumption went from 163.9 MB to 159.3 MB.
Total: 23.837100 ms (FindLiveObjects: 2.566400 ms CreateObjectMapping: 1.521000 ms MarkObjects: 15.112600 ms  DeleteObjects: 4.633100 ms)

========================================================================
Received Import Request.
  Time since last request: 109511.324806 seconds.
  path: Assets/Scenes/Buddha Statue.unity
  artifactKey: Guid(33043c2541107a8489b5299d1f188156) Importer(815301076,1909f56bfc062723c751e8b465ee728b)
Start importing Assets/Scenes/Buddha Statue.unity using Guid(33043c2541107a8489b5299d1f188156) Importer(815301076,1909f56bfc062723c751e8b465ee728b) (PreviewImporter) -> (artifact id: '741d089a7500b049e9eaadb9ffb8c4de') in 0.015255 seconds
Number of updated asset objects reloaded before import = 0Number of asset objects unloaded after import = 0

========================================================================
Received Import Request.
  Time since last request: 228.923868 seconds.
  path: Assets/Scenes/SM_ShillaBuddha_02.fbx
  artifactKey: Guid(d81c3326b6064ca46ad82f4ba5143940) Importer(815301076,1909f56bfc062723c751e8b465ee728b)
Start importing Assets/Scenes/SM_ShillaBuddha_02.fbx using Guid(d81c3326b6064ca46ad82f4ba5143940) Importer(815301076,1909f56bfc062723c751e8b465ee728b) (PreviewImporter) -> (artifact id: '22cbbee3af37b393fac666157b163712') in 5.2549144 seconds
Number of updated asset objects reloaded before import = 0Number of asset objects unloaded after import = 8

========================================================================
Received Import Request.
  Time since last request: 1664.517016 seconds.
  path: Assets/Scenes/SM_ShillaBuddha_02.fbx
  artifactKey: Guid(d81c3326b6064ca46ad82f4ba5143940) Importer(815301076,1909f56bfc062723c751e8b465ee728b)
Start importing Assets/Scenes/SM_ShillaBuddha_02.fbx using Guid(d81c3326b6064ca46ad82f4ba5143940) Importer(815301076,1909f56bfc062723c751e8b465ee728b) (PreviewImporter) -> (artifact id: 'bb5f97fb33b2679b07122b951c3edda3') in 0.5182427 seconds
Number of updated asset objects reloaded before import = 0Number of asset objects unloaded after import = 8

========================================================================
Received Import Request.
  Time since last request: 8.302433 seconds.
  path: Assets/Materials/SM_Buddha_02.mat
  artifactKey: Guid(3b724e81bf884dc48b8342e0f64d8f85) Importer(815301076,1909f56bfc062723c751e8b465ee728b)
Start importing Assets/Materials/SM_Buddha_02.mat using Guid(3b724e81bf884dc48b8342e0f64d8f85) Importer(815301076,1909f56bfc062723c751e8b465ee728b) (PreviewImporter) -> (artifact id: '08158c2baa6a15fab96955d93a8e79ab') in 0.1396368 seconds
Number of updated asset objects reloaded before import = 0Number of asset objects unloaded after import = 1

========================================================================
Received Import Request.
  Time since last request: 434.517621 seconds.
  path: Assets/MyMaterial
  artifactKey: Guid(d38ba44c6776c7943abfc36f1488bf1b) Importer(815301076,1909f56bfc062723c751e8b465ee728b)
Start importing Assets/MyMaterial using Guid(d38ba44c6776c7943abfc36f1488bf1b) Importer(815301076,1909f56bfc062723c751e8b465ee728b) (PreviewImporter) -> (artifact id: '1bf620914d85fe35ac55660f629f8dbc') in 0.0327333 seconds
Number of updated asset objects reloaded before import = 0Number of asset objects unloaded after import = 0

========================================================================
Received Import Request.
  Time since last request: 6.213771 seconds.
  path: Assets/MyMaterial/SM_ShillaBuddha_02_C.png
  artifactKey: Guid(2ca751b2f8361d540abafc8b7e338f73) Importer(815301076,1909f56bfc062723c751e8b465ee728b)
Start importing Assets/MyMaterial/SM_ShillaBuddha_02_C.png using Guid(2ca751b2f8361d540abafc8b7e338f73) Importer(815301076,1909f56bfc062723c751e8b465ee728b) (PreviewImporter) -> (artifact id: 'edc0945de10433c721a8edd1cd7cdfcf') in 1.0929763 seconds
Number of updated asset objects reloaded before import = 0Number of asset objects unloaded after import = 2

========================================================================
Received Import Request.
  Time since last request: 0.000043 seconds.
  path: Assets/MyMaterial/SM_ShillaBuddha_02_N.png
  artifactKey: Guid(d1d93027b83e58046bed2bbf4d10fc20) Importer(815301076,1909f56bfc062723c751e8b465ee728b)
Start importing Assets/MyMaterial/SM_ShillaBuddha_02_N.png using Guid(d1d93027b83e58046bed2bbf4d10fc20) Importer(815301076,1909f56bfc062723c751e8b465ee728b) (PreviewImporter) -> (artifact id: '025629d7ec57378d048fb7bc4029e6a3') in 0.0508033 seconds
Number of updated asset objects reloaded before import = 0Number of asset objects unloaded after import = 2

========================================================================
Received Import Request.
  Time since last request: 0.000122 seconds.
  path: Assets/MyMaterial/SM_ShillaBuddha_02_low_M.png
  artifactKey: Guid(48e30a9dcd5ee98409f9c21305e65e8d) Importer(815301076,1909f56bfc062723c751e8b465ee728b)
Start importing Assets/MyMaterial/SM_ShillaBuddha_02_low_M.png using Guid(48e30a9dcd5ee98409f9c21305e65e8d) Importer(815301076,1909f56bfc062723c751e8b465ee728b) (PreviewImporter) -> (artifact id: 'eb337ecbc1cace44e0916f62f378245c') in 0.0493689 seconds
Number of updated asset objects reloaded before import = 0Number of asset objects unloaded after import = 2

========================================================================
Received Import Request.
  Time since last request: 0.000073 seconds.
  path: Assets/MyMaterial/SM_ShillaBuddha_02_low_R.png
  artifactKey: Guid(d7908f3e41fa3ff4098295ffca60e31e) Importer(815301076,1909f56bfc062723c751e8b465ee728b)
Start importing Assets/MyMaterial/SM_ShillaBuddha_02_low_R.png using Guid(d7908f3e41fa3ff4098295ffca60e31e) Importer(815301076,1909f56bfc062723c751e8b465ee728b) (PreviewImporter) -> (artifact id: '663318e3c75acd2a5a80b2609dcb9a36') in 0.0455359 seconds
Number of updated asset objects reloaded before import = 0Number of asset objects unloaded after import = 2

========================================================================
Received Import Request.
  Time since last request: 14.481432 seconds.
  path: Assets/MyMaterial/ShillaBuddha.mat
  artifactKey: Guid(e99e792dd1a3efe468b9a705cbcb4da7) Importer(815301076,1909f56bfc062723c751e8b465ee728b)
Start importing Assets/MyMaterial/ShillaBuddha.mat using Guid(e99e792dd1a3efe468b9a705cbcb4da7) Importer(815301076,1909f56bfc062723c751e8b465ee728b) (PreviewImporter) -> (artifact id: '6dcf5b3e9edb164ddb059b5a98ccc626') in 0.1025832 seconds
Number of updated asset objects reloaded before import = 0Number of asset objects unloaded after import = 1

========================================================================
Received Import Request.
  Time since last request: 5.090070 seconds.
  path: Assets/TextMesh Pro/Sprites/EmojiOne.png
  artifactKey: Guid(dffef66376be4fa480fb02b19edbe903) Importer(815301076,1909f56bfc062723c751e8b465ee728b)
Start importing Assets/TextMesh Pro/Sprites/EmojiOne.png using Guid(dffef66376be4fa480fb02b19edbe903) Importer(815301076,1909f56bfc062723c751e8b465ee728b) (PreviewImporter) -> (artifact id: 'a22660af52ac670a977759768bac0f89') in 0.0345448 seconds
Number of updated asset objects reloaded before import = 0Number of asset objects unloaded after import = 2

========================================================================
Received Import Request.
  Time since last request: 0.005816 seconds.
  path: Assets/TextMesh Pro/Resources/Fonts & Materials/LiberationSans SDF - Fallback.asset
  artifactKey: Guid(2e498d1c8094910479dc3e1b768306a4) Importer(815301076,1909f56bfc062723c751e8b465ee728b)
Start importing Assets/TextMesh Pro/Resources/Fonts & Materials/LiberationSans SDF - Fallback.asset using Guid(2e498d1c8094910479dc3e1b768306a4) Importer(815301076,1909f56bfc062723c751e8b465ee728b) (PreviewImporter) -> (artifact id: 'c0b480e5c4bd7da7e84e1eb900248268') in 0.4335836 seconds
Number of updated asset objects reloaded before import = 0Number of asset objects unloaded after import = 6

========================================================================
Received Import Request.
  Time since last request: 1.233344 seconds.
  path: Assets/TutorialInfo/Icons/URP.png
  artifactKey: Guid(727a75301c3d24613a3ebcec4a24c2c8) Importer(815301076,1909f56bfc062723c751e8b465ee728b)
Start importing Assets/TutorialInfo/Icons/URP.png using Guid(727a75301c3d24613a3ebcec4a24c2c8) Importer(815301076,1909f56bfc062723c751e8b465ee728b) (PreviewImporter) -> (artifact id: '45e887ec2a5a8224b4af03f9e629a1e6') in 0.040873 seconds
Number of updated asset objects reloaded before import = 0Number of asset objects unloaded after import = 2

========================================================================
Received Prepare
Refreshing native plugins compatible for Editor in 56.52 ms, found 4 plugins.
Preloading 1 native plugins for Editor in 0.92 ms.
Unloading 13 Unused Serialized files (Serialized files now loaded: 0)
Unloading 6121 unused Assets / (3.1 MB). Loaded Objects now: 7040.
Memory consumption went from 145.1 MB to 142.0 MB.
Total: 653.334700 ms (FindLiveObjects: 6.769500 ms CreateObjectMapping: 1.207200 ms MarkObjects: 641.099000 ms  DeleteObjects: 4.255000 ms)

Prepare: number of updated asset objects reloaded= 0
========================================================================
Received Prepare
Begin MonoManager ReloadAssembly
- Loaded All Assemblies, in 33.525 seconds
Refreshing native plugins compatible for Editor in 129.87 ms, found 4 plugins.
Native extension for WindowsStandalone target not found
Mono: successfully reloaded assembly
- Finished resetting the current domain, in  8.338 seconds
Domain Reload Profiling: 41897ms
	BeginReloadAssembly (8754ms)
		ExecutionOrderSort (2ms)
		DisableScriptedObjects (872ms)
		BackupInstance (0ms)
		ReleaseScriptingObjects (6ms)
		CreateAndSetChildDomain (1932ms)
	RebuildCommonClasses (350ms)
	RebuildNativeTypeToScriptingClass (19ms)
	initialDomainReloadingComplete (92ms)
	LoadAllAssembliesAndSetupDomain (24341ms)
		LoadAssemblies (15221ms)
		RebuildTransferFunctionScriptingTraits (0ms)
		AnalyzeDomain (10715ms)
			TypeCache.Refresh (436ms)
				TypeCache.ScanAssembly (3ms)
			BuildScriptInfoCaches (3815ms)
			ResolveRequiredComponents (53ms)
	FinalizeReload (8341ms)
		ReleaseScriptCaches (0ms)
		RebuildScriptCaches (0ms)
		SetupLoadedEditorAssemblies (7685ms)
			LogAssemblyErrors (0ms)
			InitializePlatformSupportModulesInManaged (6ms)
			SetLoadedEditorAssemblies (14ms)
			BeforeProcessingInitializeOnLoad (285ms)
			ProcessInitializeOnLoadAttributes (7285ms)
			ProcessInitializeOnLoadMethodAttributes (83ms)
			AfterProcessingInitializeOnLoad (9ms)
			EditorAssembliesLoaded (2ms)
		ExecutionOrderSort2 (0ms)
		AwakeInstancesAfterBackupRestoration (25ms)
Refreshing native plugins compatible for Editor in 40.00 ms, found 4 plugins.
Preloading 1 native plugins for Editor in 0.15 ms.
Unloading 23 Unused Serialized files (Serialized files now loaded: 0)
Unloading 6261 unused Assets / (4.4 MB). Loaded Objects now: 6931.
Memory consumption went from 150.7 MB to 146.4 MB.
Total: 27.343600 ms (FindLiveObjects: 2.897800 ms CreateObjectMapping: 1.560800 ms MarkObjects: 16.942700 ms  DeleteObjects: 5.936900 ms)

Prepare: number of updated asset objects reloaded= 0
========================================================================
Received Prepare
Begin MonoManager ReloadAssembly
- Loaded All Assemblies, in  1.352 seconds
Refreshing native plugins compatible for Editor in 41.51 ms, found 4 plugins.
Native extension for WindowsStandalone target not found
Mono: successfully reloaded assembly
- Finished resetting the current domain, in  1.263 seconds
Domain Reload Profiling: 2611ms
	BeginReloadAssembly (349ms)
		ExecutionOrderSort (0ms)
		DisableScriptedObjects (8ms)
		BackupInstance (0ms)
		ReleaseScriptingObjects (1ms)
		CreateAndSetChildDomain (89ms)
	RebuildCommonClasses (43ms)
	RebuildNativeTypeToScriptingClass (14ms)
	initialDomainReloadingComplete (44ms)
	LoadAllAssembliesAndSetupDomain (898ms)
		LoadAssemblies (861ms)
		RebuildTransferFunctionScriptingTraits (0ms)
		AnalyzeDomain (219ms)
			TypeCache.Refresh (15ms)
				TypeCache.ScanAssembly (1ms)
			BuildScriptInfoCaches (188ms)
			ResolveRequiredComponents (11ms)
	FinalizeReload (1263ms)
		ReleaseScriptCaches (0ms)
		RebuildScriptCaches (0ms)
		SetupLoadedEditorAssemblies (1027ms)
			LogAssemblyErrors (0ms)
			InitializePlatformSupportModulesInManaged (3ms)
			SetLoadedEditorAssemblies (7ms)
			BeforeProcessingInitializeOnLoad (192ms)
			ProcessInitializeOnLoadAttributes (737ms)
			ProcessInitializeOnLoadMethodAttributes (77ms)
			AfterProcessingInitializeOnLoad (10ms)
			EditorAssembliesLoaded (0ms)
		ExecutionOrderSort2 (0ms)
		AwakeInstancesAfterBackupRestoration (23ms)
Refreshing native plugins compatible for Editor in 46.46 ms, found 4 plugins.
Preloading 1 native plugins for Editor in 0.18 ms.
Unloading 13 Unused Serialized files (Serialized files now loaded: 0)
Unloading 6261 unused Assets / (4.2 MB). Loaded Objects now: 6934.
Memory consumption went from 151.1 MB to 147.0 MB.
Total: 21.013700 ms (FindLiveObjects: 2.540800 ms CreateObjectMapping: 1.346300 ms MarkObjects: 9.556600 ms  DeleteObjects: 7.567300 ms)

Prepare: number of updated asset objects reloaded= 0
========================================================================
Received Import Request.
  Time since last request: 6630.118246 seconds.
  path: Assets/Scripts/BuddhaSoundController.cs
  artifactKey: Guid(5ebda59e94679214a95815a05b311375) Importer(815301076,1909f56bfc062723c751e8b465ee728b)
Start importing Assets/Scripts/BuddhaSoundController.cs using Guid(5ebda59e94679214a95815a05b311375) Importer(815301076,1909f56bfc062723c751e8b465ee728b) (PreviewImporter) -> (artifact id: '8c3a7473078f1199dee83d37199155cd') in 0.0363651 seconds
Number of updated asset objects reloaded before import = 0Number of asset objects unloaded after import = 0

